./cloudflare-workers/studio-ide/src/index.ts:16: * - Strict CORS - only allowed origins
./cloudflare-workers/studio-ide/src/index.ts:134:    'Access-Control-Allow-Origin': allowedOrigin,
./cloudflare-workers/studio-ide/src/index.ts:135:    'Access-Control-Allow-Methods': 'GET, POST, PUT, DELETE, OPTIONS',
./cloudflare-workers/studio-ide/src/index.ts:136:    'Access-Control-Allow-Headers': 'Content-Type, Authorization, x-github-token',
./cloudflare-workers/studio-ide/src/index.ts:137:    'Access-Control-Allow-Credentials': 'true',
./cloudflare-workers/studio-ide/src/index.ts:234:    const corsHeaders = getCorsHeaders(request);
./cloudflare-workers/studio-ide/src/index.ts:236:    // Handle CORS preflight
./cloudflare-workers/studio-ide/src/index.ts:238:      return new Response(null, { headers: corsHeaders });
./cloudflare-workers/studio-ide/src/index.ts:244:      return jsonResponse({ error: 'Origin not allowed' }, 403, corsHeaders);
./cloudflare-workers/studio-ide/src/index.ts:255:        }, 200, corsHeaders);
./cloudflare-workers/studio-ide/src/index.ts:265:        }, 200, corsHeaders);
./cloudflare-workers/studio-ide/src/index.ts:274:        }, 401, corsHeaders);
./cloudflare-workers/studio-ide/src/index.ts:282:        return handleWorkspaceRoutes(request, env, path, userId, clientIP, corsHeaders);
./cloudflare-workers/studio-ide/src/index.ts:293:        return handleFileRoutes(request, env, path, userId, clientIP, corsHeaders);
./cloudflare-workers/studio-ide/src/index.ts:306:          return jsonResponse({ error: 'Rate limit exceeded. Try again later.' }, 429, corsHeaders);
./cloudflare-workers/studio-ide/src/index.ts:308:        return handleTerminalRoutes(request, env, path, userId, clientIP, corsHeaders);
./cloudflare-workers/studio-ide/src/index.ts:319:        return handleGitRoutes(request, env, path, userId, clientIP, corsHeaders);
./cloudflare-workers/studio-ide/src/index.ts:323:        return handleCacheRoutes(request, env, path, userId, clientIP, corsHeaders);
./cloudflare-workers/studio-ide/src/index.ts:336:        return jsonResponse({ logs: entries.filter(Boolean) }, 200, corsHeaders);
./cloudflare-workers/studio-ide/src/index.ts:339:      return jsonResponse({ error: 'Not found' }, 404, corsHeaders);
./cloudflare-workers/studio-ide/src/index.ts:342:      return jsonResponse({ error: 'Internal server error' }, 500, corsHeaders);
./cloudflare-workers/studio-ide/src/index.ts:354:  corsHeaders: Record<string, string>
./cloudflare-workers/studio-ide/src/index.ts:363:    return jsonResponse(workspaces.results, 200, corsHeaders);
./cloudflare-workers/studio-ide/src/index.ts:373:      return jsonResponse({ error: 'Workspace name must be 1-100 characters' }, 400, corsHeaders);
./cloudflare-workers/studio-ide/src/index.ts:399:    return jsonResponse({ id, name: sanitizedName }, 201, corsHeaders);
./cloudflare-workers/studio-ide/src/index.ts:444:  corsHeaders: Record<string, string>
./cloudflare-workers/studio-ide/src/index.ts:449:    return jsonResponse({ error: 'Rate limit exceeded. Try again later.' }, 429, corsHeaders);
./cloudflare-workers/studio-ide/src/index.ts:455:    return jsonResponse({ error: 'workspace parameter required' }, 400, corsHeaders);
./cloudflare-workers/studio-ide/src/index.ts:464:    return jsonResponse({ error: 'Workspace not found' }, 404, corsHeaders);
./cloudflare-workers/studio-ide/src/index.ts:477:    return jsonResponse({ error: 'Invalid file path' }, 400, corsHeaders);
./cloudflare-workers/studio-ide/src/index.ts:488:    return jsonResponse({ error: 'File type not allowed for security reasons' }, 400, corsHeaders);
./cloudflare-workers/studio-ide/src/index.ts:617:  corsHeaders: Record<string, string>
./cloudflare-workers/studio-ide/src/index.ts:622:    return jsonResponse({ error: 'workspace parameter required' }, 400, corsHeaders);
./cloudflare-workers/studio-ide/src/index.ts:631:    return jsonResponse({ error: 'Workspace not found' }, 404, corsHeaders);
./cloudflare-workers/studio-ide/src/index.ts:682:  corsHeaders: Record<string, string>
./cloudflare-workers/studio-ide/src/index.ts:687:    return jsonResponse({ error: 'workspace parameter required' }, 400, corsHeaders);
./cloudflare-workers/studio-ide/src/index.ts:696:    return jsonResponse({ error: 'Workspace not found' }, 404, corsHeaders);
./cloudflare-workers/studio-ide/src/index.ts:946:  corsHeaders: Record<string, string>
./cloudflare-workers/studio-ide/src/index.ts:951:    return jsonResponse({ error: 'workspace parameter required' }, 400, corsHeaders);
./cloudflare-workers/studio-ide/src/index.ts:960:    return jsonResponse({ error: 'Workspace not found' }, 404, corsHeaders);
./cloudflare-workers/studio-ide/src/index.ts:1128:function jsonResponse(data: unknown, status = 200, corsHeaders: Record<string, string> = {}): Response {
./cloudflare-workers/studio-ide/src/index.ts:1135:      ...corsHeaders,
./supabase/functions/metrics-exporter/index.ts:28:  const corsHeaders = {
./supabase/functions/metrics-exporter/index.ts:29:    'Access-Control-Allow-Origin': '*',
./supabase/functions/metrics-exporter/index.ts:30:    'Access-Control-Allow-Headers':
./supabase/functions/metrics-exporter/index.ts:32:    'Access-Control-Allow-Methods': 'GET, OPTIONS',
./supabase/functions/metrics-exporter/index.ts:36:    return new Response('ok', { headers: corsHeaders });
./supabase/functions/metrics-exporter/index.ts:45:        headers: corsHeaders,
./supabase/functions/metrics-exporter/index.ts:56:          ...corsHeaders,
./supabase/functions/metrics-exporter/index.ts:64:      headers: corsHeaders,
./supabase/functions/autopilot-db-worker/index.ts:7:const corsHeaders = {
./supabase/functions/autopilot-db-worker/index.ts:8:  'Access-Control-Allow-Origin': '*',
./supabase/functions/autopilot-db-worker/index.ts:9:  'Access-Control-Allow-Headers':
./supabase/functions/autopilot-db-worker/index.ts:14:  // Handle CORS
./supabase/functions/autopilot-db-worker/index.ts:16:    return new Response('ok', { headers: corsHeaders });
./supabase/functions/autopilot-db-worker/index.ts:27:        headers: { ...corsHeaders, 'Content-Type': 'application/json' },
./supabase/functions/autopilot-db-worker/index.ts:68:          headers: { ...corsHeaders, 'Content-Type': 'application/json' },
./supabase/functions/autopilot-db-worker/index.ts:73:      headers: { ...corsHeaders, 'Content-Type': 'application/json' },
./supabase/functions/autopilot-db-worker/index.ts:78:      headers: { ...corsHeaders, 'Content-Type': 'application/json' },
./supabase/functions/send-partner-welcome-email/index.ts:142:        'Access-Control-Allow-Origin': '*',
./supabase/functions/send-partner-welcome-email/index.ts:143:        'Access-Control-Allow-Methods': 'POST, OPTIONS',
./supabase/functions/send-partner-welcome-email/index.ts:144:        'Access-Control-Allow-Headers': 'authorization, x-client-info, apikey, content-type',
./supabase/functions/check-course-completion/index.ts:9:const corsHeaders = {
./supabase/functions/check-course-completion/index.ts:10:  'Access-Control-Allow-Origin': '*',
./supabase/functions/check-course-completion/index.ts:11:  'Access-Control-Allow-Headers':
./supabase/functions/check-course-completion/index.ts:16:  // Handle CORS preflight
./supabase/functions/check-course-completion/index.ts:18:    return new Response('ok', { headers: corsHeaders });
./supabase/functions/check-course-completion/index.ts:124:        headers: { ...corsHeaders, 'Content-Type': 'application/json' },
./supabase/functions/check-course-completion/index.ts:130:      headers: { ...corsHeaders, 'Content-Type': 'application/json' },
./supabase/functions/autopilot-health-worker/index.ts:7:const corsHeaders = {
./supabase/functions/autopilot-health-worker/index.ts:8:  'Access-Control-Allow-Origin': '*',
./supabase/functions/autopilot-health-worker/index.ts:9:  'Access-Control-Allow-Headers':
./supabase/functions/autopilot-health-worker/index.ts:15:    return new Response('ok', { headers: corsHeaders });
./supabase/functions/autopilot-health-worker/index.ts:25:        headers: { ...corsHeaders, 'Content-Type': 'application/json' },
./supabase/functions/autopilot-health-worker/index.ts:65:          headers: { ...corsHeaders, 'Content-Type': 'application/json' },
./supabase/functions/autopilot-health-worker/index.ts:70:      headers: { ...corsHeaders, 'Content-Type': 'application/json' },
./supabase/functions/autopilot-health-worker/index.ts:75:      headers: { ...corsHeaders, 'Content-Type': 'application/json' },
./supabase/functions/health-logger/index.ts:38:  // CORS headers for browser requests (optional)
./supabase/functions/health-logger/index.ts:39:  const corsHeaders = {
./supabase/functions/health-logger/index.ts:40:    'Access-Control-Allow-Origin': '*',
./supabase/functions/health-logger/index.ts:41:    'Access-Control-Allow-Headers':
./supabase/functions/health-logger/index.ts:43:    'Access-Control-Allow-Methods': 'POST, GET, OPTIONS',
./supabase/functions/health-logger/index.ts:46:  // Handle CORS preflight
./supabase/functions/health-logger/index.ts:48:    return new Response('ok', { headers: corsHeaders });
./supabase/functions/health-logger/index.ts:59:          headers: { ...corsHeaders, 'Content-Type': 'application/json' },
./supabase/functions/health-logger/index.ts:103:          headers: { ...corsHeaders, 'Content-Type': 'application/json' },
./supabase/functions/health-logger/index.ts:125:            headers: { ...corsHeaders, 'Content-Type': 'application/json' },
./supabase/functions/health-logger/index.ts:138:          headers: { ...corsHeaders, 'Content-Type': 'application/json' },
./supabase/functions/health-logger/index.ts:148:        headers: { ...corsHeaders, 'Content-Type': 'application/json' },
./supabase/functions/ai-ops-analyzer/index.ts:36:  const corsHeaders = {
./supabase/functions/ai-ops-analyzer/index.ts:37:    'Access-Control-Allow-Origin': '*',
./supabase/functions/ai-ops-analyzer/index.ts:38:    'Access-Control-Allow-Headers':
./supabase/functions/ai-ops-analyzer/index.ts:40:    'Access-Control-Allow-Methods': 'POST, OPTIONS',
./supabase/functions/ai-ops-analyzer/index.ts:44:    return new Response('ok', { headers: corsHeaders });
./supabase/functions/ai-ops-analyzer/index.ts:52:        headers: corsHeaders,
./supabase/functions/ai-ops-analyzer/index.ts:79:            headers: { ...corsHeaders, 'Content-Type': 'application/json' },
./supabase/functions/ai-ops-analyzer/index.ts:85:        headers: { ...corsHeaders, 'Content-Type': 'application/json' },
./supabase/functions/ai-ops-analyzer/index.ts:91:      headers: corsHeaders,
./supabase/functions/grade-ai/index.ts:392:  // CORS headers
./supabase/functions/grade-ai/index.ts:396:        'Access-Control-Allow-Origin': '*',
./supabase/functions/grade-ai/index.ts:397:        'Access-Control-Allow-Methods': 'POST, OPTIONS',
./supabase/functions/grade-ai/index.ts:398:        'Access-Control-Allow-Headers':
./supabase/functions/indiana-compliance-check/index.ts:4:const corsHeaders = {
./supabase/functions/indiana-compliance-check/index.ts:5:  'Access-Control-Allow-Origin': '*',
./supabase/functions/indiana-compliance-check/index.ts:6:  'Access-Control-Allow-Headers':
./supabase/functions/indiana-compliance-check/index.ts:11:  // Handle CORS preflight
./supabase/functions/indiana-compliance-check/index.ts:13:    return new Response('ok', { headers: corsHeaders });
./supabase/functions/indiana-compliance-check/index.ts:24:          headers: { ...corsHeaders, 'Content-Type': 'application/json' },
./supabase/functions/indiana-compliance-check/index.ts:106:      headers: { ...corsHeaders, 'Content-Type': 'application/json' },
./supabase/functions/indiana-compliance-check/index.ts:111:      headers: { ...corsHeaders, 'Content-Type': 'application/json' },
./supabase/functions/ai-course-create/index.ts:311:  // CORS headers
./supabase/functions/ai-course-create/index.ts:315:        'Access-Control-Allow-Origin': '*',
./supabase/functions/ai-course-create/index.ts:316:        'Access-Control-Allow-Methods': 'POST, OPTIONS',
./supabase/functions/ai-course-create/index.ts:317:        'Access-Control-Allow-Headers':
./supabase/functions/webhook-dispatch/index.ts:289:  // CORS headers
./supabase/functions/webhook-dispatch/index.ts:293:        'Access-Control-Allow-Origin': '*',
./supabase/functions/webhook-dispatch/index.ts:294:        'Access-Control-Allow-Methods': 'POST, OPTIONS',
./supabase/functions/webhook-dispatch/index.ts:295:        'Access-Control-Allow-Headers':
./supabase/functions/public-submit/index.ts:10: * Security: CORS allowlist, optional submit key, honeypot,
./supabase/functions/public-submit/index.ts:44:function corsHeaders(origin: string): Record<string, string> {
./supabase/functions/public-submit/index.ts:52:    'Access-Control-Allow-Origin': allowed,
./supabase/functions/public-submit/index.ts:53:    'Access-Control-Allow-Methods': 'POST, OPTIONS',
./supabase/functions/public-submit/index.ts:54:    'Access-Control-Allow-Headers': 'Content-Type, x-public-submit-key',
./supabase/functions/public-submit/index.ts:62:    headers: { 'Content-Type': 'application/json', ...corsHeaders(origin) },
./supabase/functions/public-submit/index.ts:108:  // CORS preflight
./supabase/functions/public-submit/index.ts:110:    return new Response(null, { status: 204, headers: corsHeaders(origin) });
./supabase/functions/email-dispatch/index.ts:255:  // CORS headers
./supabase/functions/email-dispatch/index.ts:259:        'Access-Control-Allow-Origin': '*',
./supabase/functions/email-dispatch/index.ts:260:        'Access-Control-Allow-Methods': 'POST, OPTIONS',
./supabase/functions/email-dispatch/index.ts:261:        'Access-Control-Allow-Headers':
./supabase/functions/autopilot-ai-worker/index.ts:7:const corsHeaders = {
./supabase/functions/autopilot-ai-worker/index.ts:8:  'Access-Control-Allow-Origin': '*',
./supabase/functions/autopilot-ai-worker/index.ts:9:  'Access-Control-Allow-Headers':
./supabase/functions/autopilot-ai-worker/index.ts:15:    return new Response('ok', { headers: corsHeaders });
./supabase/functions/autopilot-ai-worker/index.ts:25:        headers: { ...corsHeaders, 'Content-Type': 'application/json' },
./supabase/functions/autopilot-ai-worker/index.ts:61:          headers: { ...corsHeaders, 'Content-Type': 'application/json' },
./supabase/functions/autopilot-ai-worker/index.ts:66:      headers: { ...corsHeaders, 'Content-Type': 'application/json' },
./supabase/functions/autopilot-ai-worker/index.ts:71:      headers: { ...corsHeaders, 'Content-Type': 'application/json' },
./server/index.ts:18:// CORS
./server/index.ts:20:  res.header('Access-Control-Allow-Origin', '*');
./server/index.ts:21:  res.header('Access-Control-Allow-Methods', 'GET, POST, PUT, DELETE, OPTIONS');
./server/index.ts:23:    'Access-Control-Allow-Headers',
./app/studio/components/PortForwarding.tsx:70:        mode: 'no-cors',
./proxy.ts:115:  // CORS: Block cross-origin API requests from unknown origins
./proxy.ts:129:          'Access-Control-Allow-Origin': origin && allowedOrigins.includes(origin) ? origin : allowedOrigins[0],
./proxy.ts:130:          'Access-Control-Allow-Methods': 'GET, POST, PUT, DELETE, OPTIONS',
./proxy.ts:131:          'Access-Control-Allow-Headers': 'Content-Type, Authorization',
./netlify/functions/file-return.ts:14:const CORS_HEADERS = {
./netlify/functions/file-return.ts:15:  "Access-Control-Allow-Origin": "*",
./netlify/functions/file-return.ts:16:  "Access-Control-Allow-Headers": "Content-Type",
./netlify/functions/file-return.ts:17:  "Access-Control-Allow-Methods": "POST, OPTIONS",
./netlify/functions/file-return.ts:22:  // CORS preflight
./netlify/functions/file-return.ts:24:    return { statusCode: 204, headers: CORS_HEADERS, body: "" };
./netlify/functions/file-return.ts:30:      headers: CORS_HEADERS,
./netlify/functions/file-return.ts:42:        headers: CORS_HEADERS,
./netlify/functions/file-return.ts:82:        headers: CORS_HEADERS,
./netlify/functions/file-return.ts:89:      headers: CORS_HEADERS,
./netlify/functions/file-return.ts:96:      headers: CORS_HEADERS,
./netlify/functions/refund-tracking.ts:14:const CORS_HEADERS = {
./netlify/functions/refund-tracking.ts:15:  "Access-Control-Allow-Origin": "*",
./netlify/functions/refund-tracking.ts:16:  "Access-Control-Allow-Headers": "Content-Type",
./netlify/functions/refund-tracking.ts:17:  "Access-Control-Allow-Methods": "POST, OPTIONS",
./netlify/functions/refund-tracking.ts:45:    headers: CORS_HEADERS,
./netlify/functions/refund-tracking.ts:52:    return { statusCode: 204, headers: CORS_HEADERS, body: "" };
./netlify/functions/refund-tracking.ts:58:      headers: CORS_HEADERS,
./netlify/functions/refund-tracking.ts:73:      headers: CORS_HEADERS,
./netlify/functions/refund-tracking.ts:85:        headers: CORS_HEADERS,
./netlify/functions/refund-tracking.ts:104:        headers: CORS_HEADERS,
./netlify/functions/refund-tracking.ts:136:      headers: CORS_HEADERS,
./lib/video/registry.ts:26:  cors_enabled: boolean;
./lib/video/registry.ts:59:    cors_enabled: true,
./lib/video/registry.ts:76:    cors_enabled: true,
./lib/video/registry.ts:93:    cors_enabled: true,
./lib/video/registry.ts:110:    cors_enabled: true,
./lib/video/registry.ts:127:    cors_enabled: true,
./lib/video/registry.ts:144:    cors_enabled: true,
./lib/video/registry.ts:161:    cors_enabled: true,
./lib/video/registry.ts:178:    cors_enabled: true,
./lib/video/registry.ts:196:    cors_enabled: true,
./lib/video/registry.ts:213:    cors_enabled: true,
./lib/video/registry.ts:230:    cors_enabled: true,
