app/api/apprentice/transfer-request/route.ts
app/api/admin/bulk/route.ts
app/api/admin/program-holders/update/route.ts
app/api/admin/program-holders/route.ts
app/api/admin/program-holders/signed-mou/route.ts
app/api/admin/program-holders/mou/countersign/route.ts
app/api/admin/program-holders/mou/route.ts
app/api/admin/audit-logs/route.ts
app/api/admin/external-progress/update/route.ts
app/api/admin/setup-contacts/route.ts
app/api/admin/reports/daily/route.ts
app/api/admin/completions/route.ts
app/api/admin/backup/route.ts
app/api/admin/videos/upload/route.ts
app/api/admin/learner/notes/route.ts
app/api/admin/learner/info/route.ts
app/api/admin/trial-events/route.ts
app/api/admin/storage/signature/route.ts
app/api/admin/fix-enrollment-policies/route.ts
app/api/admin/sso/route.ts
app/api/admin/program-holder-acknowledgements/route.ts
app/api/admin/applications-secure/[id]/route.ts
app/api/admin/export/enrollments/route.ts
app/api/admin/analytics/overview/route.ts
app/api/store/webhook/route.ts
app/api/store/subscribe/route.ts
app/api/webhooks/store/route.ts
app/api/webhooks/stripe-identity/route.ts
app/api/webhooks/route.ts
app/api/webhooks/marketplace/route.ts
app/api/webhooks/stripe/career-courses/route.ts
app/api/webhooks/stripe/route.ts
app/api/auth/me/route.ts
app/api/auth/signout/route.ts
app/api/auth/signup/route.ts
app/api/barber/webhook/route.ts
app/api/license/webhook/route.ts
app/api/courses/checkout/route.ts
app/api/documents/verify/bulk/route.ts
app/api/documents/verify/route.ts
app/api/documents/upload/route.ts
app/api/licenses/webhook/route.ts
app/api/donations/webhook/route.ts
app/api/cron/enrollment-automation/route.ts
app/api/cron/missed-checkins/route.ts
app/api/cron/career-course-emails/route.ts
app/api/cron/weekly-verdicts/route.ts
app/api/cron/inactivity-reminders/route.ts
app/api/cron/payment-monitoring/route.ts
app/api/cron/morning-reminders/route.ts
app/api/cron/check-licenses/route.ts
app/api/cron/weekly-reminders/route.ts
app/api/cron/trial-lifecycle/route.ts
app/api/cron/process-notifications/route.ts
app/api/cron/check-expiring-documents/route.ts
app/api/cron/daily-attendance-alerts/route.ts
app/api/cron/process-provisioning-jobs/route.ts
app/api/cron/end-of-day-summary/route.ts
app/api/cron/check-stuck-approvals/route.ts
app/api/cron/expire-licenses/route.ts
app/api/programs/list/route.ts
app/api/programs/checkout/route.ts
app/api/stripe/webhook/route.ts
app/api/affirm/webhook/route.ts
app/api/sezzle/webhook/route.ts
