./cloudflare-workers/studio-ide/src/index.ts:1133:      'X-Content-Type-Options': 'nosniff',
./cloudflare-workers/studio-ide/src/index.ts:1134:      'X-Frame-Options': 'DENY',
./lib/security/ai-protection.ts:235:  'X-Content-Type-Options': 'nosniff',
./lib/security/ai-protection.ts:236:  'X-Frame-Options': 'SAMEORIGIN',
./lib/security/ai-protection.ts:237:  'Referrer-Policy': 'strict-origin-when-cross-origin',
./scripts/utilities/enhanced-meta-tags-updater.js:129:    <meta http-equiv="X-Content-Type-Options" content="nosniff">
./scripts/showcase-readiness.mjs:28:      'Content-Security-Policy',
./scripts/showcase-readiness.mjs:29:      'Strict-Transport-Security',
./scripts/showcase-readiness.mjs:30:      'X-Content-Type-Options',
./scripts/showcase-readiness.mjs:31:      'X-Frame-Options',
./scripts/showcase-readiness.mjs:59:  'Helmet.js security headers (CSP, HSTS, etc.)',
./scripts/tenant-engine.mjs:305:  X-Frame-Options: DENY
./scripts/tenant-engine.mjs:307:  X-Content-Type-Options: nosniff
./scripts/tenant-engine.mjs:308:  Referrer-Policy: strict-origin-when-cross-origin`;
./scripts/multitenant-deploy.mjs:173:  X-Frame-Options: DENY
./scripts/multitenant-deploy.mjs:175:  X-Content-Type-Options: nosniff
./scripts/image-audit.ts:33:    blocked: ImageRequest[];       // CSP/CORS
./scripts/image-audit.ts:125:  if (img.error?.includes('net::ERR_BLOCKED') || img.error?.includes('CSP')) return 'blocked';
./scripts/image-audit.ts:210:| Blocked (CSP/CORS) | ${result.failuresByCategory.blocked.length} |
./scripts/image-audit.ts:289:      console.log(`   - Blocked (CSP/CORS): ${result.failuresByCategory.blocked.length}`);
./scripts/optimize-static-site.mjs:171:    Header always set X-Frame-Options "SAMEORIGIN"
./scripts/optimize-static-site.mjs:172:    Header always set X-Content-Type-Options "nosniff"
./scripts/optimize-static-site.mjs:173:    Header always set Referrer-Policy "strict-origin-when-cross-origin"
