app/api/donate/create-checkout/route.ts
app/api/autopilots/build-courses/route.ts
app/api/autopilots/deploy/route.ts
app/api/autopilots/run-tests/route.ts
app/api/autopilots/optimize-images/route.ts
app/api/board/compliance-report/route.ts
app/api/text-to-speech/route.ts
app/api/notifications/unsubscribe/route.ts
app/api/notifications/subscribe/route.ts
app/api/autopilot/route.ts
app/api/autopilot/sitemap/route.ts
app/api/devstudio/complete/route.ts
app/api/intake/interest/route.ts
app/api/intake/application/route.ts
app/api/intake/eligibility/route.ts
app/api/cert/pdf/route.ts
app/api/ai-instructor/message/route.ts
app/api/social/feeds/route.ts
app/api/store/create-payment-intent/route.ts
app/api/store/cards/route.ts
app/api/store/licenses/webhook/route.ts
app/api/store/subscribe/route.ts
app/api/quizzes/[quizId]/route.ts
app/api/openapi/route.ts
app/api/funding/track/route.ts
app/api/ai-studio/stock-media/route.ts
app/api/ai-studio/generate-avatar/route.ts
app/api/ai-studio/generate-music/route.ts
app/api/ai-studio/generate-video/route.ts
app/api/webhooks/route.ts
app/api/leaderboard/route.ts
app/api/studio/generate-tests/route.ts
app/api/studio/recent/route.ts
app/api/studio/fix/route.ts
app/api/studio/pr-tracking/route.ts
app/api/studio/workflow-tracking/route.ts
app/api/studio/lsp/route.ts
app/api/studio/deploy-tokens/route.ts
app/api/studio/terminal/route.ts
app/api/studio/settings/route.ts
app/api/studio/deploy/route.ts
app/api/studio/refactor/route.ts
app/api/studio/chat/route.ts
app/api/studio/share/route.ts
app/api/studio/complete/route.ts
app/api/studio/repos/route.ts
app/api/studio/ws/route.ts
app/api/studio/favorites/route.ts
app/api/studio/comments/route.ts
app/api/studio/session/route.ts
app/api/supersonic-fast-cash/ocr-extract/route.ts
app/api/supersonic-fast-cash/calculate-tax/route.ts
app/api/supersonic-fast-cash/jotform-webhook/route.ts
app/api/supersonic-fast-cash/create-checkout/route.ts
app/api/marketing/[slug]/route.ts
app/api/marketing/send-welcome/route.ts
app/api/billing/report-usage/route.ts
app/api/moderation/route.ts
app/api/tax-filing/applications/route.ts
app/api/metrics/route.ts
app/api/trap/route.ts
app/api/audit/launch/route.ts
app/api/sam-gov/search/route.ts
app/api/xapi/route.ts
app/api/xapi/statement/route.ts
app/api/barber/checkout/public/route.ts
app/api/barber/checkout/full/route.ts
app/api/lti/config/route.ts
app/api/lti/jwks/route.ts
app/api/lti/login/route.ts
app/api/lti/launch/route.ts
app/api/wioa/support-services/route.ts
app/api/wioa/support-services/[id]/approve/route.ts
app/api/wioa/iep/route.ts
app/api/wioa/iep/[id]/route.ts
app/api/wioa/eligibility/route.ts
app/api/wioa/reporting/route.ts
app/api/wioa/case-management/route.ts
app/api/wioa/case-management/[id]/route.ts
app/api/wioa/employment/route.ts
app/api/license/portal/route.ts
app/api/license/checkout/route.ts
app/api/drug-testing/checkout/route.ts
app/api/build/route.ts
app/api/chatbot/calendly-webhook/route.ts
app/api/chatbot/lead/route.ts
app/api/products/[slug]/route.ts
app/api/products/route.ts
app/api/courses/checkout/route.ts
app/api/courses/sitemap/route.ts
app/api/courses/scan/route.ts
app/api/courses/metadata/route.ts
app/api/v1/health/route.ts
app/api/achievements/route.ts
app/api/emails/welcome/route.ts
app/api/emails/certificate-delivery/route.ts
app/api/emails/certificate/route.ts
app/api/gamification/leaderboard/route.ts
app/api/create-checkout-session/route.ts
app/api/licenses/webhook/route.ts
app/api/help/search/route.ts
app/api/certifications/certiport/route.ts
app/api/grants/package/route.ts
app/api/grants/forms/route.ts
app/api/grants/submit/route.ts
app/api/grants/eligibility/route.ts
app/api/checkout/trial/route.ts
app/api/checkout/product/route.ts
app/api/checkout/route.ts
app/api/checkout/marketplace/route.ts
app/api/checkout/student/route.ts
app/api/cash-advances/applications/route.ts
app/api/cash-advances/applications/[id]/approve/route.ts
app/api/cash-advances/applications/[id]/route.ts
app/api/live/zoom/route.ts
app/api/hubspot/submit/route.ts
app/api/certificates/issue-program/route.ts
app/api/certificates/route.ts
app/api/certificates/issue-module/route.ts
app/api/certificates/complete-module/route.ts
app/api/status/route.ts
app/api/enrollments/route.ts
app/api/programs/[slug]/courses/route.ts
app/api/programs/featured/route.ts
app/api/programs/checkout/route.ts
app/api/guide/[pageId]/route.ts
app/api/stripe/route.ts
app/api/stripe/connect/onboard/route.ts
app/api/partner-launch/[enrollmentId]/route.ts
app/api/partners/lead/route.ts
app/api/search/route.ts
app/api/search/featured/route.ts
app/api/monitoring/stats/route.ts
app/api/heygen/generate/route.ts
app/api/heygen/status/route.ts
app/api/ai/generate-site/route.ts
app/api/ai/build-remote/route.ts
app/api/ai/generate-course/route.ts
app/api/ai/generate-page/route.ts
app/api/ai/generate-course-outline/route.ts
app/api/ai/generate-script/route.ts
app/api/ai/import-site/route.ts
app/api/ai/generate-asset/route.ts
app/api/github/actions/route.ts
app/api/github/commit/route.ts
app/api/github/conflicts/route.ts
app/api/github/clone/route.ts
app/api/github/reviews/route.ts
app/api/github/stash/route.ts
app/api/github/diff/route.ts
app/api/github/file/route.ts
app/api/github/history/route.ts
app/api/github/tree/route.ts
app/api/github/repos/route.ts
app/api/github/merge/route.ts
app/api/github/blame/route.ts
app/api/github/pull/route.ts
app/api/github/pulls/review/route.ts
app/api/github/pulls/route.ts
app/api/github/branches/route.ts
app/api/automation/process-document/route.ts
app/api/privacy/delete/route.ts
app/api/privacy/export/route.ts
app/api/reporting/program-metrics/route.ts
app/api/reporting/dol-dwd/route.ts
app/api/reporting/funder-metrics/route.ts
app/api/reporting/site-metrics/route.ts
app/api/reporting/overall-metrics/route.ts
app/api/token/validate/route.ts
app/api/preview/render/route.ts
app/api/tax-checkout/route.ts
app/api/ai-tutor-basic/route.ts
app/api/milady-rise/enroll/route.ts
app/api/apprenticeships/ipla-exam/checkout/route.ts
app/api/receptionist/route.ts
app/api/recommendations/[productId]/route.ts
app/api/analytics/events/route.ts
app/api/analytics/metrics/program-metrics/route.ts
app/api/analytics/metrics/dol-dwd/route.ts
app/api/analytics/metrics/funder-metrics/route.ts
app/api/analytics/metrics/site-metrics/route.ts
app/api/analytics/metrics/overall-metrics/route.ts
app/api/analytics/performance-alert/route.ts
app/api/analytics/slow-resources/route.ts
app/api/enrollment-count/route.ts
app/api/messages/route.ts
app/api/messages/[id]/route.ts
app/api/assignments/route.ts
app/api/assignments/[id]/submit/route.ts
app/api/tax/submit/route.ts
app/api/tax/calculate/route.ts
app/api/tax/status/route.ts
app/api/tax/validate/route.ts
app/api/email/send-welcome/route.ts
app/api/email/send/route.ts
app/api/program-holder/sign-mou/route.ts
app/api/program-holder/apply/route.ts
app/api/program-holder/mou-pdf/route.ts
